2024-10-01 13:10:383 INFO  TC001_AccountRegistrationTest:16 -  **** Starting TC001_Account RegisterationTest****
2024-10-01 14:10:833 INFO  TC001_AccountRegistrationTest:16 -  **** Starting TC001_Account RegisterationTest****
2024-10-01 14:10:01 INFO  TC001_AccountRegistrationTest:21 - Clicked on My Account link
2024-10-01 14:10:744 INFO  TC001_AccountRegistrationTest:23 - Click in Register link
2024-10-01 14:10:659 INFO  TC001_AccountRegistrationTest:35 - Validating expected message
2024-10-01 14:10:728 INFO  TC001_AccountRegistrationTest:55 - ****** Finish Test Case*******
2024-10-01 14:10:580 INFO  TC002_LoginTest:18 - **** Login Test Case Started*****
2024-10-01 14:10:610 INFO  TC002_LoginTest:39 - ***Login Test Case Ended***
2024-10-01 15:10:376 INFO  TC001_AccountRegistrationTest:16 -  **** Starting TC001_Account RegisterationTest****
2024-10-01 15:10:828 INFO  TC001_AccountRegistrationTest:21 - Clicked on My Account link
2024-10-01 15:10:548 INFO  TC001_AccountRegistrationTest:23 - Click in Register link
2024-10-01 15:10:281 INFO  TC001_AccountRegistrationTest:35 - Validating expected message
2024-10-01 15:10:357 INFO  TC001_AccountRegistrationTest:55 - ****** Finish Test Case*******
2024-10-01 15:10:961 INFO  TC002_LoginTest:18 - **** Login Test Case Started*****
2024-10-01 15:10:793 INFO  TC002_LoginTest:39 - ***Login Test Case Ended***
2024-10-01 15:10:272 INFO  TC001_AccountRegistrationTest:16 -  **** Starting TC001_Account RegisterationTest****
2024-10-01 17:10:419 INFO  TC001_AccountRegistrationTest:16 -  **** Starting TC001_Account RegisterationTest****
2024-10-01 17:10:638 INFO  TC001_AccountRegistrationTest:21 - Clicked on My Account link
2024-10-01 17:10:446 INFO  TC001_AccountRegistrationTest:23 - Click in Register link
2024-10-01 17:10:05 INFO  TC001_AccountRegistrationTest:35 - Validating expected message
2024-10-01 17:10:40 INFO  TC001_AccountRegistrationTest:55 - ****** Finish Test Case*******
2024-10-01 17:10:873 INFO  TC002_LoginTest:18 - **** Login Test Case Started*****
2024-10-01 17:10:740 INFO  TC002_LoginTest:39 - ***Login Test Case Ended***
2024-10-01 17:10:843 INFO  TC001_AccountRegistrationTest:16 -  **** Starting TC001_Account RegisterationTest****
2024-10-01 17:10:940 INFO  TC001_AccountRegistrationTest:21 - Clicked on My Account link
2024-10-01 17:10:851 INFO  TC001_AccountRegistrationTest:23 - Click in Register link
2024-10-01 17:10:699 INFO  TC001_AccountRegistrationTest:35 - Validating expected message
2024-10-01 17:10:738 INFO  TC001_AccountRegistrationTest:55 - ****** Finish Test Case*******
2024-10-01 17:10:860 INFO  TC002_LoginTest:18 - **** Login Test Case Started*****
2024-10-01 17:10:497 INFO  TC002_LoginTest:39 - ***Login Test Case Ended***
2024-10-01 18:10:82 INFO  TC001_AccountRegistrationTest:16 -  **** Starting TC001_Account RegisterationTest****
2024-10-01 18:10:299 INFO  TC001_AccountRegistrationTest:21 - Clicked on My Account link
2024-10-01 18:10:50 INFO  TC001_AccountRegistrationTest:23 - Click in Register link
2024-10-01 18:10:526 INFO  TC001_AccountRegistrationTest:35 - Validating expected message
2024-10-01 18:10:570 INFO  TC001_AccountRegistrationTest:55 - ****** Finish Test Case*******
2024-10-01 18:10:851 INFO  TC002_LoginTest:18 - **** Login Test Case Started*****
2024-10-01 18:10:512 INFO  TC002_LoginTest:39 - ***Login Test Case Ended***
